SH SERIES C/C++ Compiler (Ver. 6.0C)                                                                 16-Sep-2016 23:43:06  PAGE    1

************ OBJECT LISTING ************

FILE NAME: C:\Users\Nozalia\Desktop\Add-ins\Projects\Hex\Sources\PointsManager.cpp

SCT OFFSET   CODE       C LABEL     INSTRUCTION OPERAND    COMMENT

      PointsMana     1    #include "PointsManager.h"
      PointsMana     2    
      PointsMana     3    PointsManager::PointsManager(int mat[][6]){
P   00000000              ___ct__13PointsManagerFPA6_i:    ; function: PointsManager::PointsManager(int (*)[6])
                                                           ; frame size=36
    00000000 2FE6                   MOV.L       R14,@-R15
    00000002 6343                   MOV         R4,R3
    00000004 2FD6                   MOV.L       R13,@-R15
    00000006 2338                   TST         R3,R3
    00000008 2FC6                   MOV.L       R12,@-R15
    0000000A 2FB6                   MOV.L       R11,@-R15
    0000000C 2FA6                   MOV.L       R10,@-R15
    0000000E 2F96                   MOV.L       R9,@-R15
    00000010 2F86                   MOV.L       R8,@-R15
    00000012 4F22                   STS.L       PR,@-R15
    00000014 7FFC                   ADD         #-4,R15
    00000016 2F42                   MOV.L       R4,@R15
    00000018 8F06                   BF/S        L272
    0000001A 6A53                   MOV         R5,R10
    0000001C D33A                   MOV.L       L289+2,R3  ; ___nw__FUl
    0000001E 430B                   JSR         @R3
    00000020 E478                   MOV         #120,R4
    00000022 2008                   TST         R0,R0
    00000024 8D2F                   BT/S        L271
    00000026 2F02                   MOV.L       R0,@R15
    00000028              L272:                             
      PointsMana     4            for (size_t i = 0; i < 5; ++i){
    00000028 E900                   MOV         #0,R9
    0000002A 6D93                   MOV         R9,R13
    0000002C E806                   MOV         #6,R8
    0000002E              L273:                             
      PointsMana     5                    for (size_t j = 0; j < 6; ++j){
    0000002E 6E93                   MOV         R9,R14
    00000030 6BD3                   MOV         R13,R11
    00000032 63D3                   MOV         R13,R3
    00000034 4B00                   SHLL        R11
    00000036 3B3C                   ADD         R3,R11
    00000038 4B08                   SHLL2       R11
    0000003A 4B00                   SHLL        R11
    0000003C              L274:                             
    0000003C DC33                   MOV.L       L289+6,R12 ; _setNumberAt__13PointsManagerFUlN21
    0000003E 64E3                   MOV         R14,R4
    00000040 4408                   SHLL2       R4
    00000042 6043                   MOV         R4,R0
    00000044 30BC                   ADD         R11,R0
    00000046 00AE                   MOV.L       @(R0,R10),R0
    00000048 8803                   CMP/EQ      #3,R0
    0000004A 8D02                   BT/S        L276
    0000004C 6503                   MOV         R0,R5
    0000004E 2558                   TST         R5,R5
    00000050 8B06                   BF          L275
    00000052              L276:                             
      PointsMana     6                            if (mat[i][j] == 3 || mat[i][j] == 0)
      PointsMana     7                                    setNumberAt(i, j, 0);




SH SERIES C/C++ Compiler (Ver. 6.0C)                                                                 16-Sep-2016 23:43:06  PAGE    2


SCT OFFSET   CODE       C LABEL     INSTRUCTION OPERAND    COMMENT

    00000052 E700                   MOV         #0,R7
    00000054 66E3                   MOV         R14,R6
    00000056 65D3                   MOV         R13,R5
    00000058 4C0B                   JSR         @R12
    0000005A 64F2                   MOV.L       @R15,R4
    0000005C A00C                   BRA         L277
    0000005E 0009                   NOP
    00000060              L275:                             
      PointsMana     8                            else if (mat[i][j] == 1)
    00000060 6043                   MOV         R4,R0
    00000062 30BC                   ADD         R11,R0
    00000064 00AE                   MOV.L       @(R0,R10),R0
    00000066 8801                   CMP/EQ      #1,R0
    00000068 8F02                   BF/S        L278
      PointsMana     9                                    setNumberAt(i, j, 2);
    0000006A 66E3                   MOV         R14,R6
    0000006C A001                   BRA         L288
    0000006E E702                   MOV         #2,R7
    00000070              L278:                             
      PointsMana    10                            else
      PointsMana    11                                    setNumberAt(i, j, 3);
    00000070 E703                   MOV         #3,R7
    00000072              L288:                             
    00000072 65D3                   MOV         R13,R5
    00000074 4C0B                   JSR         @R12
    00000076 64F2                   MOV.L       @R15,R4
    00000078              L277:                             
    00000078 7E01                   ADD         #1,R14
    0000007A 3E82                   CMP/HS      R8,R14
    0000007C 8BDE                   BF          L274
    0000007E 7D01                   ADD         #1,R13
    00000080 E205                   MOV         #5,R2
    00000082 3D22                   CMP/HS      R2,R13
    00000084 8BD3                   BF          L273
    00000086              L271:                             
      PointsMana    12                    }
      PointsMana    13            }
    00000086 60F2                   MOV.L       @R15,R0
      PointsMana    14    }
    00000088 7F04                   ADD         #4,R15
    0000008A 4F26                   LDS.L       @R15+,PR
    0000008C 68F6                   MOV.L       @R15+,R8
    0000008E 69F6                   MOV.L       @R15+,R9
    00000090 6AF6                   MOV.L       @R15+,R10
    00000092 6BF6                   MOV.L       @R15+,R11
    00000094 6CF6                   MOV.L       @R15+,R12
    00000096 6DF6                   MOV.L       @R15+,R13
    00000098 000B                   RTS
    0000009A 6EF6                   MOV.L       @R15+,R14
      PointsMana    15    
      PointsMana    16    PointsManager::~PointsManager(){
    0000009C              ___dt__13PointsManagerFv:        ; function: PointsManager::~PointsManager()
                                                           ; frame size=4
    0000009C 7FFC                   ADD         #-4,R15
    0000009E 6343                   MOV         R4,R3
    000000A0 2338                   TST         R3,R3
    000000A2 8D07                   BT/S        L283




SH SERIES C/C++ Compiler (Ver. 6.0C)                                                                 16-Sep-2016 23:43:06  PAGE    3


SCT OFFSET   CODE       C LABEL     INSTRUCTION OPERAND    COMMENT

    000000A4 2F42                   MOV.L       R4,@R15
    000000A6 E301                   MOV         #1,R3
    000000A8 2538                   TST         R3,R5
    000000AA 8903                   BT          L283
    000000AC 64F2                   MOV.L       @R15,R4
    000000AE D218                   MOV.L       L289+10,R2 ; ___dl__FPv
    000000B0 422B                   JMP         @R2
    000000B2 7F04                   ADD         #4,R15
    000000B4              L283:                             
      PointsMana    17    
      PointsMana    18    }
    000000B4 000B                   RTS
    000000B6 7F04                   ADD         #4,R15
      PointsMana    19    
      PointsMana    20    int PointsManager::numberAt(size_t i, size_t j){
    000000B8              _numberAt__13PointsManagerFUlT1: ; function: PointsManager::numberAt(unsigned long, unsigned long)
                                                           ; frame size=0
      PointsMana    21            if (i < 5 && j < 6)
    000000B8 E305                   MOV         #5,R3
    000000BA 3532                   CMP/HS      R3,R5
    000000BC 890C                   BT          L285
    000000BE E106                   MOV         #6,R1
    000000C0 3612                   CMP/HS      R1,R6
    000000C2 8909                   BT          L285
      PointsMana    22                    return map[i][j];
    000000C4 6053                   MOV         R5,R0
    000000C6 6353                   MOV         R5,R3
    000000C8 4000                   SHLL        R0
    000000CA 303C                   ADD         R3,R0
    000000CC 4008                   SHLL2       R0
    000000CE 4000                   SHLL        R0
    000000D0 6243                   MOV         R4,R2
    000000D2 302C                   ADD         R2,R0
    000000D4 4608                   SHLL2       R6
    000000D6 006E                   MOV.L       @(R0,R6),R0
      PointsMana    23    }
    000000D8              L285:                             
    000000D8 000B                   RTS
    000000DA 0009                   NOP
      PointsMana    24    
      PointsMana    25    void PointsManager::setNumberAt(size_t i, size_t j, size_t number){
    000000DC              _setNumberAt__13PointsManagerFUlN21:
                                                           ; function: PointsManager::setNumberAt(unsigned long, unsigned long, unsi
                        +                                  gned long)
                                                           ; frame size=0
      PointsMana    26            if (number < 10 && i < 5 && j < 6)
    000000DC E30A                   MOV         #10,R3
    000000DE 3732                   CMP/HS      R3,R7
    000000E0 890F                   BT          L287
    000000E2 E105                   MOV         #5,R1
    000000E4 3512                   CMP/HS      R1,R5
    000000E6 890C                   BT          L287
    000000E8 E006                   MOV         #6,R0
    000000EA 3602                   CMP/HS      R0,R6
    000000EC 8909                   BT          L287
      PointsMana    27                    map[i][j] = number;
    000000EE 6053                   MOV         R5,R0




SH SERIES C/C++ Compiler (Ver. 6.0C)                                                                 16-Sep-2016 23:43:06  PAGE    4


SCT OFFSET   CODE       C LABEL     INSTRUCTION OPERAND    COMMENT

    000000F0 6353                   MOV         R5,R3
    000000F2 4000                   SHLL        R0
    000000F4 303C                   ADD         R3,R0
    000000F6 4008                   SHLL2       R0
    000000F8 4000                   SHLL        R0
    000000FA 6243                   MOV         R4,R2
    000000FC 302C                   ADD         R2,R0
    000000FE 4608                   SHLL2       R6
    00000100 0676                   MOV.L       R7,@(R0,R6)
      PointsMana    28    }
    00000102              L287:                             
    00000102 000B                   RTS
    00000104 0009                   NOP
    00000106              L289:                             
    00000106 0000                   .DATA.W     0
    00000108 <00000000>             .DATA.L     ___nw__FUl
    0000010C <00000000>             .DATA.L     _setNumberAt__13PointsManagerFUlN21
    00000110 <00000000>             .DATA.L     ___dl__FPv











































SH SERIES C/C++ Compiler (Ver. 6.0C)                                                                 16-Sep-2016 23:43:06  PAGE    1


******** STATISTICS INFORMATION ********


********** ERROR INFORMATION ***********

NUMBER OF ERRORS:           0
NUMBER OF WARNINGS:         1




******* SOURCE LINE INFORMATION ********

COMPILED SOURCE LINE:       28



******* SECTION SIZE INFORMATION *******

PROGRAM  SECTION (P):                               00000114 Byte(s)
CONSTANT SECTION (C):                               00000000 Byte(s)
DATA     SECTION (D):                               00000000 Byte(s)
BSS      SECTION (B):                               00000000 Byte(s)

 TOTAL PROGRAM SIZE: 00000114 Byte(s)



********** LABEL INFORMATION ***********

NUMBER OF EXTERNAL REFERENCE SYMBOLS:            2
NUMBER OF EXTERNAL DEFINITION SYMBOLS:           4
NUMBER OF INTERNAL/EXTERNAL SYMBOLS:            19






























*** COMMAND PARAMETER ***


  -subcommand=C:\Users\Nozalia\AppData\Local\Temp\hmkCA0C.tmp 

